2025-06-12 10:57:48 - INFO - email_scanner - main - 280 - Starting email scan script using O365 library for Microsoft Graph API...
2025-06-12 10:57:48 - INFO - email_scanner - scan_emails - 117 - Attempting to authenticate with Microsoft Graph API via O365 library...
2025-06-12 10:57:48 - INFO - email_scanner - scan_emails - 125 - Account not yet authenticated. Attempting authentication...
2025-06-12 10:57:48 - CRITICAL - email_scanner - scan_emails - 138 - An unexpected error occurred during Microsoft Graph API authentication setup: Unable to get authority configuration for https://login.microsoftonline.com/your_azure_ad_tenant_id. Authority would typically be in a format of https://login.microsoftonline.com/your_tenant or https://tenant_name.ciamlogin.com or https://tenant_name.b2clogin.com/tenant.onmicrosoft.com/policy.  Also please double check your tenant name or GUID is correct.. Exiting.
2025-06-12 10:57:48 - INFO - email_scanner - main - 286 - No data was extracted that matched the criteria, or an error occurred during scanning.
2025-06-12 10:57:48 - INFO - email_scanner - main - 288 - Script finished.
2025-06-12 11:02:35 - INFO - email_scanner - main - 348 - Starting email scan script using O365 library for Microsoft Graph API...
2025-06-12 11:02:35 - INFO - email_scanner - scan_emails - 121 - Attempting to authenticate with Microsoft Graph API via O365 library...
2025-06-12 11:02:35 - INFO - email_scanner - scan_emails - 129 - Account not yet authenticated. Attempting authentication...
2025-06-12 11:02:35 - CRITICAL - email_scanner - scan_emails - 142 - An unexpected error occurred during Microsoft Graph API authentication setup: Unable to get authority configuration for https://login.microsoftonline.com/your_azure_ad_tenant_id. Authority would typically be in a format of https://login.microsoftonline.com/your_tenant or https://tenant_name.ciamlogin.com or https://tenant_name.b2clogin.com/tenant.onmicrosoft.com/policy.  Also please double check your tenant name or GUID is correct.. Exiting.
2025-06-12 11:02:35 - INFO - email_scanner - main - 354 - No records to process or save after scanning.
2025-06-12 11:02:35 - INFO - email_scanner - main - 356 - Script finished.
2025-06-12 11:06:40 - INFO - email_scanner - main - 359 - Starting email scan script using O365 library for Microsoft Graph API...
2025-06-12 11:06:40 - INFO - email_scanner - scan_emails - 128 - Attempting to authenticate with Microsoft Graph API via O365 library...
2025-06-12 11:06:40 - INFO - email_scanner - scan_emails - 136 - Account not yet authenticated. Attempting authentication...
2025-06-12 11:06:40 - CRITICAL - email_scanner - scan_emails - 149 - An unexpected error occurred during Microsoft Graph API authentication setup: Unable to get authority configuration for https://login.microsoftonline.com/your_azure_ad_tenant_id. Authority would typically be in a format of https://login.microsoftonline.com/your_tenant or https://tenant_name.ciamlogin.com or https://tenant_name.b2clogin.com/tenant.onmicrosoft.com/policy.  Also please double check your tenant name or GUID is correct.. Exiting.
2025-06-12 11:06:40 - INFO - email_scanner - main - 366 - No records to process or save after scanning, and no data changes detected.
2025-06-12 11:06:40 - INFO - email_scanner - main - 370 - Script finished.
2025-06-12 11:08:15 - INFO - email_scanner - main - 360 - Starting email scan script using O365 library for Microsoft Graph API...
2025-06-12 11:08:15 - INFO - email_scanner - scan_emails - 128 - Attempting to authenticate with Microsoft Graph API via O365 library...
2025-06-12 11:08:15 - INFO - email_scanner - scan_emails - 136 - Account not yet authenticated. Attempting authentication...
2025-06-12 11:08:15 - CRITICAL - email_scanner - scan_emails - 149 - An unexpected error occurred during Microsoft Graph API authentication setup: Unable to get authority configuration for https://login.microsoftonline.com/your_azure_ad_tenant_id. Authority would typically be in a format of https://login.microsoftonline.com/your_tenant or https://tenant_name.ciamlogin.com or https://tenant_name.b2clogin.com/tenant.onmicrosoft.com/policy.  Also please double check your tenant name or GUID is correct.. Exiting.
2025-06-12 11:08:15 - INFO - email_scanner - main - 367 - No records to process or save after scanning, and no data changes detected.
2025-06-12 11:08:15 - INFO - email_scanner - main - 371 - Script finished.
